<?xml version="1.0" encoding="UTF-8"?>
<!-- Generated by org.testng.reporters.JUnitXMLReporter -->
<testsuite hostname="AU20R6LX1" ignored="0" name="Test2" tests="2" failures="1" timestamp="05 Nov 2018 02:19:07 GMT" time="40.428" errors="0">
  <testcase name="enterLogIn" time="34.751" classname="com.ekaterina.HomePageTest"/>
  <testcase name="navigatetocalc" time="0.091" classname="com.ekaterina.MortgageCalculatorTest">
    <failure type="java.lang.AssertionError" message="expected [Mortgage Calculator] but found [Sign In For Your Free Credit Score &amp;amp; Monitoring | Bankrate]">
      <![CDATA[java.lang.AssertionError: expected [Mortgage Calculator] but found [Sign In For Your Free Credit Score & Monitoring | Bankrate]
at com.ekaterina.MortgageCalculatorTest.navigatetocalc(MortgageCalculatorTest.java:58)
... Removed 31 stack frames]]>
    </failure>
  </testcase> <!-- navigatetocalc -->
</testsuite> <!-- Test2 -->
