<?xml version="1.0" encoding="UTF-8"?>
<!-- Generated by org.testng.reporters.JUnitXMLReporter -->
<testsuite hostname="AU20R6LX1" ignored="0" name="Validating" tests="1" failures="0" timestamp="09 Aug 2018 02:42:30 GMT" time="0.022" errors="0">
  <testcase name="@BeforeTest openBrowser" time="0.001" classname="com.ekaterina.ValidateTest">
    <failure type="java.io.FileNotFoundException" message="C:\Users\ekate\Desktop\Eclipse\SeleniumFramework\src\com.ekaterina\DataF.properties (The system cannot find the path specified)">
      <![CDATA[java.io.FileNotFoundException: C:\Users\ekate\Desktop\Eclipse\SeleniumFramework\src\com.ekaterina\DataF.properties (The system cannot find the path specified)
at java.io.FileInputStream.open0(Native Method)
at java.io.FileInputStream.open(FileInputStream.java:195)
at java.io.FileInputStream.<init>(FileInputStream.java:138)
at java.io.FileInputStream.<init>(FileInputStream.java:93)
at com.ekaterina.Basic.driverInitialization(Basic.java:49)
at com.ekaterina.ValidateTest.openBrowser(ValidateTest.java:20)
... Removed 24 stack frames]]>
    </failure>
  </testcase> <!-- @BeforeTest openBrowser -->
  <testcase name="@AfterTest closeBrowser" time="0.0" classname="com.ekaterina.ValidateTest">
    <skipped/>
  </testcase> <!-- @AfterTest closeBrowser -->
  <testcase name="validate" time="0.0" classname="com.ekaterina.ValidateTest">
    <skipped/>
  </testcase> <!-- validate -->
</testsuite> <!-- Validating -->
