<?xml version="1.0" encoding="UTF-8"?>
<!-- Generated by org.testng.reporters.JUnitXMLReporter -->
<testsuite hostname="AU20R6LX1" ignored="2" name="Test" tests="6" failures="5" timestamp="12 Oct 2018 16:12:13 GMT" time="19.53" errors="0">
  <testcase name="navigatetocalc" time="13.582" classname="com.ekaterina.MortgageCalculatorTest"/>
  <testcase name="navigToBankRate" time="0.0" classname="com.ekaterina.BankRateTest">
    <failure type="java.lang.NullPointerException">
      <![CDATA[java.lang.NullPointerException
at com.ekaterina.FramesFinder.windowsNavigation(FramesFinder.java:40)
at com.ekaterina.BankRateTest.navigToBankRate(BankRateTest.java:35)
... Removed 29 stack frames]]>
    </failure>
  </testcase> <!-- navigToBankRate -->
  <testcase name="navigatetocalc" time="0.001" classname="com.ekaterina.MortgageCalculatorTest">
    <failure type="java.lang.NullPointerException">
      <![CDATA[java.lang.NullPointerException
at com.ekaterina.MortgageCalculatorTest.navigatetocalc(MortgageCalculatorTest.java:49)
... Removed 29 stack frames]]>
    </failure>
  </testcase> <!-- navigatetocalc -->
  <testcase name="navigToBankRate" time="0.001" classname="com.ekaterina.BankRateTest">
    <failure type="java.lang.NullPointerException">
      <![CDATA[java.lang.NullPointerException
at com.ekaterina.FramesFinder.windowsNavigation(FramesFinder.java:40)
at com.ekaterina.BankRateTest.navigToBankRate(BankRateTest.java:35)
... Removed 29 stack frames]]>
    </failure>
  </testcase> <!-- navigToBankRate -->
  <testcase name="enterLogIn" time="0.001" classname="com.ekaterina.HomePageTest">
    <failure type="java.lang.NullPointerException">
      <![CDATA[java.lang.NullPointerException
at com.ekaterina.FramesFinder.windowsNavigation(FramesFinder.java:40)
at com.ekaterina.BankRateTest.navigToBankRate(BankRateTest.java:35)
at com.ekaterina.HomePageTest.enterLogIn(HomePageTest.java:58)
... Removed 29 stack frames]]>
    </failure>
  </testcase> <!-- enterLogIn -->
  <testcase name="navigatetocalc" time="0.001" classname="com.ekaterina.MortgageCalculatorTest">
    <failure type="java.lang.NullPointerException">
      <![CDATA[java.lang.NullPointerException
at com.ekaterina.MortgageCalculatorTest.navigatetocalc(MortgageCalculatorTest.java:49)
... Removed 29 stack frames]]>
    </failure>
  </testcase> <!-- navigatetocalc -->
  <testcase name="@BeforeTest openBrowser" time="0.0" classname="com.ekaterina.BankRateTest">
    <ignored/>
  </testcase> <!-- @BeforeTest openBrowser -->
  <testcase name="@BeforeTest openBrowser" time="0.0" classname="com.ekaterina.HomePageTest">
    <ignored/>
  </testcase> <!-- @BeforeTest openBrowser -->
</testsuite> <!-- Test -->
