<?xml version="1.0" encoding="UTF-8"?>
<testng-results skipped="0" failed="1" ignored="0" total="3" passed="2">
  <reporter-output>
  </reporter-output>
  <suite name="Suite" duration-ms="60781" started-at="2018-11-05T02:15:00Z" finished-at="2018-11-05T02:16:01Z">
    <groups>
    </groups>
    <test name="Test1" duration-ms="18408" started-at="2018-11-05T02:15:00Z" finished-at="2018-11-05T02:15:18Z">
      <class name="com.ekaterina.MortgageCalculatorTest">
        <test-method status="PASS" signature="openBrowser()[pri:0, instance:com.ekaterina.MortgageCalculatorTest@130161f7]" name="openBrowser" is-config="true" duration-ms="6121" started-at="2018-11-05T02:15:00Z" finished-at="2018-11-05T02:15:06Z">
          <reporter-output>
          </reporter-output>
        </test-method> <!-- openBrowser -->
        <test-method status="PASS" signature="navigatetocalc()[pri:0, instance:com.ekaterina.MortgageCalculatorTest@130161f7]" name="navigatetocalc" duration-ms="12247" started-at="2018-11-05T02:15:06Z" finished-at="2018-11-05T02:15:18Z">
          <reporter-output>
          </reporter-output>
        </test-method> <!-- navigatetocalc -->
        <test-method status="PASS" signature="closeBrowser()[pri:0, instance:com.ekaterina.MortgageCalculatorTest@130161f7]" name="closeBrowser" is-config="true" duration-ms="18" started-at="2018-11-05T02:15:18Z" finished-at="2018-11-05T02:15:18Z">
          <reporter-output>
          </reporter-output>
        </test-method> <!-- closeBrowser -->
      </class> <!-- com.ekaterina.MortgageCalculatorTest -->
    </test> <!-- Test1 -->
    <test name="Test2" duration-ms="42347" started-at="2018-11-05T02:15:18Z" finished-at="2018-11-05T02:16:01Z">
      <class name="com.ekaterina.HomePageTest">
        <test-method status="PASS" signature="openBrowser()[pri:0, instance:com.ekaterina.HomePageTest@6e171cd7]" name="openBrowser" is-config="true" duration-ms="5484" started-at="2018-11-05T02:15:18Z" finished-at="2018-11-05T02:15:24Z">
          <reporter-output>
          </reporter-output>
        </test-method> <!-- openBrowser -->
        <test-method status="PASS" signature="enterLogIn()[pri:0, instance:com.ekaterina.HomePageTest@6e171cd7]" name="enterLogIn" duration-ms="36735" started-at="2018-11-05T02:15:24Z" finished-at="2018-11-05T02:16:01Z">
          <reporter-output>
          </reporter-output>
        </test-method> <!-- enterLogIn -->
        <test-method status="FAIL" signature="navigatetocalc()[pri:0, instance:com.ekaterina.HomePageTest@6e171cd7]" name="navigatetocalc" duration-ms="9" started-at="2018-11-05T02:16:01Z" finished-at="2018-11-05T02:16:01Z">
          <exception class="java.lang.AssertionError">
            <message>
              <![CDATA[expected [Mortgage Calculator] but found [Sign In For Your Free Credit Score & Monitoring | Bankrate]]]>
            </message>
            <full-stacktrace>
              <![CDATA[java.lang.AssertionError: expected [Mortgage Calculator] but found [Sign In For Your Free Credit Score & Monitoring | Bankrate]
at org.testng.Assert.fail(Assert.java:96)
at org.testng.Assert.failNotEquals(Assert.java:776)
at org.testng.Assert.assertEqualsImpl(Assert.java:137)
at org.testng.Assert.assertEquals(Assert.java:118)
at org.testng.Assert.assertEquals(Assert.java:453)
at org.testng.Assert.assertEquals(Assert.java:463)
at com.ekaterina.MortgageCalculatorTest.navigatetocalc(MortgageCalculatorTest.java:58)
at sun.reflect.NativeMethodAccessorImpl.invoke0(Native Method)
at sun.reflect.NativeMethodAccessorImpl.invoke(NativeMethodAccessorImpl.java:62)
at sun.reflect.DelegatingMethodAccessorImpl.invoke(DelegatingMethodAccessorImpl.java:43)
at java.lang.reflect.Method.invoke(Method.java:498)
at org.testng.internal.MethodInvocationHelper.invokeMethod(MethodInvocationHelper.java:124)
at org.testng.internal.Invoker.invokeMethod(Invoker.java:583)
at org.testng.internal.Invoker.invokeTestMethod(Invoker.java:719)
at org.testng.internal.Invoker.invokeTestMethods(Invoker.java:989)
at org.testng.internal.TestMethodWorker.invokeTestMethods(TestMethodWorker.java:125)
at org.testng.internal.TestMethodWorker.run(TestMethodWorker.java:109)
at org.testng.TestRunner.privateRun(TestRunner.java:648)
at org.testng.TestRunner.run(TestRunner.java:505)
at org.testng.SuiteRunner.runTest(SuiteRunner.java:455)
at org.testng.SuiteRunner.runSequentially(SuiteRunner.java:450)
at org.testng.SuiteRunner.privateRun(SuiteRunner.java:415)
at org.testng.SuiteRunner.run(SuiteRunner.java:364)
at org.testng.SuiteRunnerWorker.runSuite(SuiteRunnerWorker.java:52)
at org.testng.SuiteRunnerWorker.run(SuiteRunnerWorker.java:84)
at org.testng.TestNG.runSuitesSequentially(TestNG.java:1208)
at org.testng.TestNG.runSuitesLocally(TestNG.java:1137)
at org.testng.TestNG.runSuites(TestNG.java:1049)
at org.testng.TestNG.run(TestNG.java:1017)
at org.apache.maven.surefire.testng.TestNGExecutor.run(TestNGExecutor.java:283)
at org.apache.maven.surefire.testng.TestNGXmlTestSuite.execute(TestNGXmlTestSuite.java:75)
at org.apache.maven.surefire.testng.TestNGProvider.invoke(TestNGProvider.java:120)
at org.apache.maven.surefire.booter.ForkedBooter.invokeProviderInSameClassLoader(ForkedBooter.java:379)
at org.apache.maven.surefire.booter.ForkedBooter.runSuitesInProcess(ForkedBooter.java:340)
at org.apache.maven.surefire.booter.ForkedBooter.execute(ForkedBooter.java:125)
at org.apache.maven.surefire.booter.ForkedBooter.main(ForkedBooter.java:413)
]]>
            </full-stacktrace>
          </exception> <!-- java.lang.AssertionError -->
          <reporter-output>
          </reporter-output>
        </test-method> <!-- navigatetocalc -->
        <test-method status="PASS" signature="closeBrowser()[pri:0, instance:com.ekaterina.HomePageTest@6e171cd7]" name="closeBrowser" is-config="true" duration-ms="111" started-at="2018-11-05T02:16:01Z" finished-at="2018-11-05T02:16:01Z">
          <reporter-output>
          </reporter-output>
        </test-method> <!-- closeBrowser -->
      </class> <!-- com.ekaterina.HomePageTest -->
    </test> <!-- Test2 -->
  </suite> <!-- Suite -->
</testng-results>
